[debug] [2025-11-26T21:38:04.253Z] ----------------------------------------------------------------------
[debug] [2025-11-26T21:38:04.265Z] Command:       C:\Program Files\nodejs\node.exe C:\Users\User\AppData\Roaming\npm\node_modules\firebase-tools\lib\bin\firebase.js init
[debug] [2025-11-26T21:38:04.265Z] CLI Version:   14.22.0
[debug] [2025-11-26T21:38:04.266Z] Platform:      win32
[debug] [2025-11-26T21:38:04.266Z] Node Version:  v22.14.0
[debug] [2025-11-26T21:38:04.267Z] Time:          Thu Nov 27 2025 03:38:04 GMT+0600 (Bangladesh Standard Time)
[debug] [2025-11-26T21:38:04.267Z] ----------------------------------------------------------------------
[debug] 
[debug] [2025-11-26T21:38:04.270Z] >>> [apiv2][query] GET https://firebase-public.firebaseio.com/cli.json [none]
[info] 
     ######## #### ########  ######## ########     ###     ######  ########
     ##        ##  ##     ## ##       ##     ##  ##   ##  ##       ##
     ######    ##  ########  ######   ########  #########  ######  ######
     ##        ##  ##    ##  ##       ##     ## ##     ##       ## ##
     ##       #### ##     ## ######## ########  ##     ##  ######  ########

You're about to initialize a Firebase project in this directory:

  C:\Projects\next js project\my-first-next-app

Before we get started, keep in mind:

  * You are currently outside your home directory

[debug] [2025-11-26T21:38:04.999Z] <<< [apiv2][status] GET https://firebase-public.firebaseio.com/cli.json 200
[debug] [2025-11-26T21:38:05.000Z] <<< [apiv2][body] GET https://firebase-public.firebaseio.com/cli.json {"cloudBuildErrorAfter":1594252800000,"cloudBuildWarnAfter":1590019200000,"defaultNode10After":1594252800000,"minVersion":"3.0.5","node8DeploysDisabledAfter":1613390400000,"node8RuntimeDisabledAfter":1615809600000,"node8WarnAfter":1600128000000}
